<?xml version="1.0" encoding="UTF-8"?>
<!-- Generated by org.testng.reporters.JUnitXMLReporter -->
<testsuite hostname="laptop" ignored="0" name="Test-3" tests="4" failures="0" timestamp="2023-08-10T13:09:18 IST" time="37.98" errors="0">
  <testcase name="aa" time="0.002" classname="TestNg_Practice_Test.T6_Test"/>
  <testcase name="ab" time="0.004" classname="TestNg_Practice_Test.T6_Test"/>
  <testcase name="acc" time="0.002" classname="TestNg_Practice_Test.T5_Test"/>
  <testcase name="az" time="0.002" classname="TestNg_Practice_Test.T5_Test"/>
</testsuite> <!-- Test-3 -->
