<?xml version="1.0" encoding="UTF-8"?>
<!-- Generated by org.testng.reporters.JUnitReportReporter -->
<testsuite skipped="0" hostname="laptop" name="TestNg_Practice_Test.T4" tests="1" failures="0" timestamp="2023-08-07T13:10:21 IST" time="3.266" errors="0">
  <testcase name="s3Test" time="3.266" classname="TestNg_Practice_Test.T4"/>
  <system-out/>
</testsuite> <!-- TestNg_Practice_Test.T4 -->
