<?xml version="1.0" encoding="UTF-8"?>
<!-- Generated by org.testng.reporters.JUnitReportReporter -->
<testsuite skipped="1" hostname="laptop" name="TestNg_Practice_Test.T1" tests="6" failures="0" timestamp="2023-08-04T19:43:06 IST" time="0.023" errors="0">
  <testcase name="delete" time="0.012" classname="TestNg_Practice_Test.T1"/>
  <system-out/>
  <testcase name="delete" time="0.007" classname="TestNg_Practice_Test.T1"/>
  <system-out/>
  <testcase name="delete" time="0.002" classname="TestNg_Practice_Test.T1"/>
  <system-out/>
  <testcase name="delete" time="0.001" classname="TestNg_Practice_Test.T1"/>
  <system-out/>
  <testcase name="delete" time="0.001" classname="TestNg_Practice_Test.T1"/>
  <system-out/>
  <testcase name="create" classname="TestNg_Practice_Test.T1">
    <skipped/>
  </testcase> <!-- create -->
  <system-out/>
</testsuite> <!-- TestNg_Practice_Test.T1 -->
