<?xml version="1.0" encoding="UTF-8"?>
<!-- Generated by org.testng.reporters.JUnitReportReporter -->
<testsuite skipped="0" hostname="laptop" name="TestNg_Practice_Test.T5" tests="2" failures="0" timestamp="2023-08-07T15:09:15 IST" time="0.012" errors="0">
  <testcase name="az" time="0.002" classname="TestNg_Practice_Test.T5"/>
  <system-out/>
  <testcase name="acc" time="0.010" classname="TestNg_Practice_Test.T5"/>
  <system-out/>
</testsuite> <!-- TestNg_Practice_Test.T5 -->
