<?xml version="1.0" encoding="UTF-8"?>
<!-- Generated by org.testng.reporters.JUnitReportReporter -->
<testsuite skipped="0" hostname="laptop" name="TestNg_Practice_Test.SoftAssertTest" tests="2" failures="0" timestamp="2023-08-09T14:33:23 IST" time="0.012" errors="0">
  <testcase name="softAssert1Test" time="0.009" classname="TestNg_Practice_Test.SoftAssertTest"/>
  <system-out/>
  <testcase name="softAssertTest" time="0.003" classname="TestNg_Practice_Test.SoftAssertTest"/>
  <system-out/>
</testsuite> <!-- TestNg_Practice_Test.SoftAssertTest -->
