<?xml version="1.0" encoding="UTF-8"?>
<!-- Generated by org.testng.reporters.JUnitReportReporter -->
<testsuite skipped="0" hostname="laptop" name="TestScript.WishList" tests="1" failures="0" timestamp="2023-08-08T11:40:32 IST" time="15.237" errors="0">
  <testcase name="Add_product_to_whishlist_Test" time="15.237" classname="TestScript.WishList"/>
  <system-out/>
</testsuite> <!-- TestScript.WishList -->
