<?xml version="1.0" encoding="UTF-8"?>
<!-- Generated by org.testng.reporters.JUnitReportReporter -->
<testsuite skipped="0" hostname="laptop" name="TestNg_Practice_Test.HardAssertTest" tests="1" failures="0" timestamp="2023-08-09T12:34:29 IST" time="0.009" errors="0">
  <testcase name="hardAssert3Test" time="0.009" classname="TestNg_Practice_Test.HardAssertTest"/>
  <system-out/>
</testsuite> <!-- TestNg_Practice_Test.HardAssertTest -->
