<?xml version="1.0" encoding="UTF-8"?>
<!-- Generated by org.testng.reporters.JUnitReportReporter -->
<testsuite skipped="0" hostname="laptop" name="com.online_shopping_generic_library.BaseClass" tests="1" failures="0" timestamp="2023-08-07T17:37:43 IST" time="-1691410048.000" errors="1">
  <testcase name="congfi_BC" time="-1691410048.000" classname="com.online_shopping_generic_library.BaseClass">
    <error type="org.testng.TestNGException" message="
Parameter &#039;BROWSER&#039; is required by BeforeSuite on method congfi_BC but has not been marked @Optional or defined
in C:\Users\Athar\AppData\Local\Temp\testng-eclipse-1511870845\testng-customsuite.xml">
      <![CDATA[org.testng.TestNGException: 
Parameter 'BROWSER' is required by BeforeSuite on method congfi_BC but has not been marked @Optional or defined
in C:\Users\Athar\AppData\Local\Temp\testng-eclipse-1511870845\testng-customsuite.xml
at org.testng.internal.Parameters.createParams(Parameters.java:270)
at org.testng.internal.Parameters.createParametersForMethod(Parameters.java:358)
at org.testng.internal.Parameters.createParameters(Parameters.java:700)
at org.testng.internal.Parameters.createConfigurationParameters(Parameters.java:168)
at org.testng.internal.ConfigInvoker.invokeConfigurations(ConfigInvoker.java:302)
at org.testng.SuiteRunner.privateRun(SuiteRunner.java:317)
at org.testng.SuiteRunner.run(SuiteRunner.java:276)
at org.testng.SuiteRunnerWorker.runSuite(SuiteRunnerWorker.java:53)
at org.testng.SuiteRunnerWorker.run(SuiteRunnerWorker.java:96)
at org.testng.TestNG.runSuitesSequentially(TestNG.java:1212)
at org.testng.TestNG.runSuitesLocally(TestNG.java:1134)
at org.testng.TestNG.runSuites(TestNG.java:1063)
at org.testng.TestNG.run(TestNG.java:1031)
at org.testng.remote.AbstractRemoteTestNG.run(AbstractRemoteTestNG.java:115)
at org.testng.remote.RemoteTestNG.initAndRun(RemoteTestNG.java:251)
at org.testng.remote.RemoteTestNG.main(RemoteTestNG.java:77)
]]>
    </error>
  </testcase> <!-- congfi_BC -->
  <system-out/>
</testsuite> <!-- com.online_shopping_generic_library.BaseClass -->
