<?xml version="1.0" encoding="UTF-8"?>
<!-- Generated by org.testng.reporters.JUnitReportReporter -->
<testsuite skipped="0" hostname="laptop" name="TestScript.My_Cart" tests="1" failures="0" timestamp="2023-08-08T12:09:56 IST" time="7.570" errors="0">
  <testcase name="My_cart_Test" time="7.570" classname="TestScript.My_Cart"/>
  <system-out/>
</testsuite> <!-- TestScript.My_Cart -->
