<?xml version="1.0" encoding="UTF-8"?>
<!-- Generated by org.testng.reporters.JUnitReportReporter -->
<testsuite skipped="0" hostname="laptop" name="TestNg_Practice_Test.T2_Test" tests="1" failures="0" timestamp="2023-08-10T12:58:59 IST" time="0.009" errors="0">
  <testcase name="s1Test" time="0.009" classname="TestNg_Practice_Test.T2_Test"/>
  <system-out/>
</testsuite> <!-- TestNg_Practice_Test.T2_Test -->
