<?xml version="1.0" encoding="UTF-8"?>
<!-- Generated by org.testng.reporters.JUnitReportReporter -->
<testsuite skipped="0" hostname="laptop" name="TestNg_Practice_Test.T1_Test" tests="3" failures="0" timestamp="2023-08-09T17:20:59 IST" time="12.337" errors="0">
  <testcase name="create" time="6.483" classname="TestNg_Practice_Test.T1_Test"/>
  <system-out/>
  <testcase name="delete" time="3.005" classname="TestNg_Practice_Test.T1_Test"/>
  <system-out/>
  <testcase name="edit" time="2.849" classname="TestNg_Practice_Test.T1_Test"/>
  <system-out/>
</testsuite> <!-- TestNg_Practice_Test.T1_Test -->
