<?xml version="1.0" encoding="UTF-8"?>
<!-- Generated by org.testng.reporters.JUnitReportReporter -->
<testsuite skipped="0" hostname="laptop" name="TestNg_Practice_Test.T3" tests="1" failures="0" timestamp="2023-08-07T12:00:53 IST" time="0.008" errors="0">
  <testcase name="s3Test" time="0.008" classname="TestNg_Practice_Test.T3"/>
  <system-out/>
</testsuite> <!-- TestNg_Practice_Test.T3 -->
