<?xml version="1.0" encoding="UTF-8"?>
<!-- Generated by org.testng.reporters.JUnitReportReporter -->
<testsuite skipped="0" hostname="laptop" name="TestNg_Practice_Test.T2" tests="1" failures="0" timestamp="2023-08-07T12:06:25 IST" time="0.005" errors="0">
  <testcase name="s1Test" time="0.005" classname="TestNg_Practice_Test.T2"/>
  <system-out/>
</testsuite> <!-- TestNg_Practice_Test.T2 -->
