<?xml version="1.0" encoding="UTF-8"?>
<!-- Generated by org.testng.reporters.JUnitReportReporter -->
<testsuite skipped="0" hostname="laptop" name="TestNg_Practice_Test.T6" tests="2" failures="0" timestamp="2023-08-07T15:09:15 IST" time="0.006" errors="0">
  <testcase name="aa" time="0.003" classname="TestNg_Practice_Test.T6"/>
  <system-out/>
  <testcase name="ab" time="0.003" classname="TestNg_Practice_Test.T6"/>
  <system-out/>
</testsuite> <!-- TestNg_Practice_Test.T6 -->
