<?xml version="1.0" encoding="UTF-8"?>
<!-- Generated by org.testng.reporters.JUnitReportReporter -->
<testsuite skipped="0" hostname="laptop" name="TestNg_Practice_Test.DataFetchFromDataProvider" tests="5" failures="0" timestamp="2023-08-04T17:16:22 IST" time="0.025" errors="0">
  <testcase name="fetchMultipleData" time="0.003" classname="TestNg_Practice_Test.DataFetchFromDataProvider"/>
  <system-out/>
  <testcase name="fetchMultipleData" time="0.004" classname="TestNg_Practice_Test.DataFetchFromDataProvider"/>
  <system-out/>
  <testcase name="fetchMultipleData" time="0.008" classname="TestNg_Practice_Test.DataFetchFromDataProvider"/>
  <system-out/>
  <testcase name="fetchMultipleData" time="0.008" classname="TestNg_Practice_Test.DataFetchFromDataProvider"/>
  <system-out/>
  <testcase name="fetchMultipleData" time="0.002" classname="TestNg_Practice_Test.DataFetchFromDataProvider"/>
  <system-out/>
</testsuite> <!-- TestNg_Practice_Test.DataFetchFromDataProvider -->
